2024-08-02T00:03:02.086+05:30  INFO 24792 --- [Production-Ready-Features] [main] .ProductionReadyFeaturesApplicationTests : Starting ProductionReadyFeaturesApplicationTests using Java 22.0.1 with PID 24792 (started by bhawn in D:\Spring Boot\Production-Ready-Features)
2024-08-02T00:03:02.096+05:30  INFO 24792 --- [Production-Ready-Features] [main] .ProductionReadyFeaturesApplicationTests : No active profile set, falling back to 1 default profile: "default"
2024-08-02T00:03:02.605+05:30  INFO 24792 --- [Production-Ready-Features] [main] .s.d.r.c.RepositoryConfigurationDelegate : Bootstrapping Spring Data JPA repositories in DEFAULT mode.
2024-08-02T00:03:02.659+05:30  INFO 24792 --- [Production-Ready-Features] [main] .s.d.r.c.RepositoryConfigurationDelegate : Finished Spring Data repository scanning in 48 ms. Found 1 JPA repository interface.
2024-08-02T00:03:03.142+05:30  INFO 24792 --- [Production-Ready-Features] [main] o.hibernate.jpa.internal.util.LogHelper  : HHH000204: Processing PersistenceUnitInfo [name: default]
2024-08-02T00:03:03.208+05:30  INFO 24792 --- [Production-Ready-Features] [main] org.hibernate.Version                    : HHH000412: Hibernate ORM core version 6.5.2.Final
2024-08-02T00:03:03.241+05:30  INFO 24792 --- [Production-Ready-Features] [main] o.h.c.internal.RegionFactoryInitiator    : HHH000026: Second-level cache disabled
2024-08-02T00:03:03.331+05:30  INFO 24792 --- [Production-Ready-Features] [main] o.h.e.boot.internal.EnversServiceImpl    : Envers integration enabled? : true
2024-08-02T00:03:03.515+05:30  INFO 24792 --- [Production-Ready-Features] [main] o.s.o.j.p.SpringPersistenceUnitInfo      : No LoadTimeWeaver setup: ignoring JPA class transformer
2024-08-02T00:03:03.536+05:30  INFO 24792 --- [Production-Ready-Features] [main] com.zaxxer.hikari.HikariDataSource       : HikariPool-1 - Starting...
2024-08-02T00:03:03.652+05:30  INFO 24792 --- [Production-Ready-Features] [main] com.zaxxer.hikari.pool.HikariPool        : HikariPool-1 - Added connection com.mysql.cj.jdbc.ConnectionImpl@4bbf20d1
2024-08-02T00:03:03.653+05:30  INFO 24792 --- [Production-Ready-Features] [main] com.zaxxer.hikari.HikariDataSource       : HikariPool-1 - Start completed.
2024-08-02T00:03:03.853+05:30  INFO 24792 --- [Production-Ready-Features] [main] o.h.e.c.i.m.AuditMetadataGenerator       : Adding properties for entity: com.bhawna.SpringBoot.Prod_Ready_Features.Production.Ready.Features.entities.PostEntity
2024-08-02T00:03:04.385+05:30 ERROR 24792 --- [Production-Ready-Features] [main] o.h.metamodel.internal.MetadataContext   : HHH015007: Illegal argument on static metamodel field injection : org.hibernate.envers.DefaultRevisionEntity_#class_; expected type :  org.hibernate.metamodel.model.domain.internal.EntityTypeImpl; encountered type : jakarta.persistence.metamodel.MappedSuperclassType
2024-08-02T00:03:04.389+05:30  INFO 24792 --- [Production-Ready-Features] [main] o.h.e.t.j.p.i.JtaPlatformInitiator       : HHH000489: No JTA platform available (set 'hibernate.transaction.jta.platform' to enable JTA platform integration)
2024-08-02T00:03:04.524+05:30  INFO 24792 --- [Production-Ready-Features] [main] j.LocalContainerEntityManagerFactoryBean : Initialized JPA EntityManagerFactory for persistence unit 'default'
2024-08-02T00:03:04.995+05:30  WARN 24792 --- [Production-Ready-Features] [main] JpaBaseConfiguration$JpaWebConfiguration : spring.jpa.open-in-view is enabled by default. Therefore, database queries may be performed during view rendering. Explicitly configure spring.jpa.open-in-view to disable this warning
2024-08-02T00:03:05.351+05:30  INFO 24792 --- [Production-Ready-Features] [main] .ProductionReadyFeaturesApplicationTests : Started ProductionReadyFeaturesApplicationTests in 3.564 seconds (process running for 4.283)
2024-08-02T00:03:06.184+05:30 ERROR 24792 --- [Production-Ready-Features] [main] c.b.S.P.P.R.F.c.impl.EmployeeClientImpl  : {"data":null,"error":{"status":"NOT_FOUND","message":"Resource Not Found with id: 19","subErrors":null},"timeStamp":"2024-08-02T00:03:06.1756105"}
2024-08-02T00:03:06.184+05:30 ERROR 24792 --- [Production-Ready-Features] [main] c.b.S.P.P.R.F.c.impl.EmployeeClientImpl  : Exception occurred

com.bhawna.SpringBoot.Prod_Ready_Features.Production.Ready.Features.exceptions.ResourceNotFoundException: Could not get the employee
	at com.bhawna.SpringBoot.Prod_Ready_Features.Production.Ready.Features.clients.impl.EmployeeClientImpl.lambda$getEmployeeById$1(EmployeeClientImpl.java:68) ~[classes/:na]
	at org.springframework.web.client.StatusHandler.handle(StatusHandler.java:146) ~[spring-web-6.1.11.jar:6.1.11]
	at org.springframework.web.client.DefaultRestClient$DefaultResponseSpec.applyStatusHandlers(DefaultRestClient.java:698) ~[spring-web-6.1.11.jar:6.1.11]
	at org.springframework.web.client.DefaultRestClient.readWithMessageConverters(DefaultRestClient.java:200) ~[spring-web-6.1.11.jar:6.1.11]
	at org.springframework.web.client.DefaultRestClient$DefaultResponseSpec.readBody(DefaultRestClient.java:685) ~[spring-web-6.1.11.jar:6.1.11]
	at org.springframework.web.client.DefaultRestClient$DefaultResponseSpec.body(DefaultRestClient.java:639) ~[spring-web-6.1.11.jar:6.1.11]
	at com.bhawna.SpringBoot.Prod_Ready_Features.Production.Ready.Features.clients.impl.EmployeeClientImpl.getEmployeeById(EmployeeClientImpl.java:70) ~[classes/:na]
	at com.bhawna.SpringBoot.Prod_Ready_Features.Production.Ready.Features.ProductionReadyFeaturesApplicationTests.getEmployeedByIdTest(ProductionReadyFeaturesApplicationTests.java:34) ~[test-classes/:na]
	at java.base/jdk.internal.reflect.DirectMethodHandleAccessor.invoke(DirectMethodHandleAccessor.java:103) ~[na:na]
	at java.base/java.lang.reflect.Method.invoke(Method.java:580) ~[na:na]
	at org.junit.platform.commons.util.ReflectionUtils.invokeMethod(ReflectionUtils.java:728) ~[junit-platform-commons-1.10.3.jar:1.10.3]
	at org.junit.jupiter.engine.execution.MethodInvocation.proceed(MethodInvocation.java:60) ~[junit-jupiter-engine-5.10.3.jar:5.10.3]
	at org.junit.jupiter.engine.execution.InvocationInterceptorChain$ValidatingInvocation.proceed(InvocationInterceptorChain.java:131) ~[junit-jupiter-engine-5.10.3.jar:5.10.3]
	at org.junit.jupiter.engine.extension.TimeoutExtension.intercept(TimeoutExtension.java:156) ~[junit-jupiter-engine-5.10.3.jar:5.10.3]
	at org.junit.jupiter.engine.extension.TimeoutExtension.interceptTestableMethod(TimeoutExtension.java:147) ~[junit-jupiter-engine-5.10.3.jar:5.10.3]
	at org.junit.jupiter.engine.extension.TimeoutExtension.interceptTestMethod(TimeoutExtension.java:86) ~[junit-jupiter-engine-5.10.3.jar:5.10.3]
	at org.junit.jupiter.engine.execution.InterceptingExecutableInvoker$ReflectiveInterceptorCall.lambda$ofVoidMethod$0(InterceptingExecutableInvoker.java:103) ~[junit-jupiter-engine-5.10.3.jar:5.10.3]
	at org.junit.jupiter.engine.execution.InterceptingExecutableInvoker.lambda$invoke$0(InterceptingExecutableInvoker.java:93) ~[junit-jupiter-engine-5.10.3.jar:5.10.3]
	at org.junit.jupiter.engine.execution.InvocationInterceptorChain$InterceptedInvocation.proceed(InvocationInterceptorChain.java:106) ~[junit-jupiter-engine-5.10.3.jar:5.10.3]
	at org.junit.jupiter.engine.execution.InvocationInterceptorChain.proceed(InvocationInterceptorChain.java:64) ~[junit-jupiter-engine-5.10.3.jar:5.10.3]
	at org.junit.jupiter.engine.execution.InvocationInterceptorChain.chainAndInvoke(InvocationInterceptorChain.java:45) ~[junit-jupiter-engine-5.10.3.jar:5.10.3]
	at org.junit.jupiter.engine.execution.InvocationInterceptorChain.invoke(InvocationInterceptorChain.java:37) ~[junit-jupiter-engine-5.10.3.jar:5.10.3]
	at org.junit.jupiter.engine.execution.InterceptingExecutableInvoker.invoke(InterceptingExecutableInvoker.java:92) ~[junit-jupiter-engine-5.10.3.jar:5.10.3]
	at org.junit.jupiter.engine.execution.InterceptingExecutableInvoker.invoke(InterceptingExecutableInvoker.java:86) ~[junit-jupiter-engine-5.10.3.jar:5.10.3]
	at org.junit.jupiter.engine.descriptor.TestMethodTestDescriptor.lambda$invokeTestMethod$7(TestMethodTestDescriptor.java:218) ~[junit-jupiter-engine-5.10.3.jar:5.10.3]
	at org.junit.platform.engine.support.hierarchical.ThrowableCollector.execute(ThrowableCollector.java:73) ~[junit-platform-engine-1.10.3.jar:1.10.3]
	at org.junit.jupiter.engine.descriptor.TestMethodTestDescriptor.invokeTestMethod(TestMethodTestDescriptor.java:214) ~[junit-jupiter-engine-5.10.3.jar:5.10.3]
	at org.junit.jupiter.engine.descriptor.TestMethodTestDescriptor.execute(TestMethodTestDescriptor.java:139) ~[junit-jupiter-engine-5.10.3.jar:5.10.3]
	at org.junit.jupiter.engine.descriptor.TestMethodTestDescriptor.execute(TestMethodTestDescriptor.java:69) ~[junit-jupiter-engine-5.10.3.jar:5.10.3]
	at org.junit.platform.engine.support.hierarchical.NodeTestTask.lambda$executeRecursively$6(NodeTestTask.java:151) ~[junit-platform-engine-1.10.3.jar:1.10.3]
	at org.junit.platform.engine.support.hierarchical.ThrowableCollector.execute(ThrowableCollector.java:73) ~[junit-platform-engine-1.10.3.jar:1.10.3]
	at org.junit.platform.engine.support.hierarchical.NodeTestTask.lambda$executeRecursively$8(NodeTestTask.java:141) ~[junit-platform-engine-1.10.3.jar:1.10.3]
	at org.junit.platform.engine.support.hierarchical.Node.around(Node.java:137) ~[junit-platform-engine-1.10.3.jar:1.10.3]
	at org.junit.platform.engine.support.hierarchical.NodeTestTask.lambda$executeRecursively$9(NodeTestTask.java:139) ~[junit-platform-engine-1.10.3.jar:1.10.3]
	at org.junit.platform.engine.support.hierarchical.ThrowableCollector.execute(ThrowableCollector.java:73) ~[junit-platform-engine-1.10.3.jar:1.10.3]
	at org.junit.platform.engine.support.hierarchical.NodeTestTask.executeRecursively(NodeTestTask.java:138) ~[junit-platform-engine-1.10.3.jar:1.10.3]
	at org.junit.platform.engine.support.hierarchical.NodeTestTask.execute(NodeTestTask.java:95) ~[junit-platform-engine-1.10.3.jar:1.10.3]
	at java.base/java.util.ArrayList.forEach(ArrayList.java:1597) ~[na:na]
	at org.junit.platform.engine.support.hierarchical.SameThreadHierarchicalTestExecutorService.invokeAll(SameThreadHierarchicalTestExecutorService.java:41) ~[junit-platform-engine-1.10.3.jar:1.10.3]
	at org.junit.platform.engine.support.hierarchical.NodeTestTask.lambda$executeRecursively$6(NodeTestTask.java:155) ~[junit-platform-engine-1.10.3.jar:1.10.3]
	at org.junit.platform.engine.support.hierarchical.ThrowableCollector.execute(ThrowableCollector.java:73) ~[junit-platform-engine-1.10.3.jar:1.10.3]
	at org.junit.platform.engine.support.hierarchical.NodeTestTask.lambda$executeRecursively$8(NodeTestTask.java:141) ~[junit-platform-engine-1.10.3.jar:1.10.3]
	at org.junit.platform.engine.support.hierarchical.Node.around(Node.java:137) ~[junit-platform-engine-1.10.3.jar:1.10.3]
	at org.junit.platform.engine.support.hierarchical.NodeTestTask.lambda$executeRecursively$9(NodeTestTask.java:139) ~[junit-platform-engine-1.10.3.jar:1.10.3]
	at org.junit.platform.engine.support.hierarchical.ThrowableCollector.execute(ThrowableCollector.java:73) ~[junit-platform-engine-1.10.3.jar:1.10.3]
	at org.junit.platform.engine.support.hierarchical.NodeTestTask.executeRecursively(NodeTestTask.java:138) ~[junit-platform-engine-1.10.3.jar:1.10.3]
	at org.junit.platform.engine.support.hierarchical.NodeTestTask.execute(NodeTestTask.java:95) ~[junit-platform-engine-1.10.3.jar:1.10.3]
	at java.base/java.util.ArrayList.forEach(ArrayList.java:1597) ~[na:na]
	at org.junit.platform.engine.support.hierarchical.SameThreadHierarchicalTestExecutorService.invokeAll(SameThreadHierarchicalTestExecutorService.java:41) ~[junit-platform-engine-1.10.3.jar:1.10.3]
	at org.junit.platform.engine.support.hierarchical.NodeTestTask.lambda$executeRecursively$6(NodeTestTask.java:155) ~[junit-platform-engine-1.10.3.jar:1.10.3]
	at org.junit.platform.engine.support.hierarchical.ThrowableCollector.execute(ThrowableCollector.java:73) ~[junit-platform-engine-1.10.3.jar:1.10.3]
	at org.junit.platform.engine.support.hierarchical.NodeTestTask.lambda$executeRecursively$8(NodeTestTask.java:141) ~[junit-platform-engine-1.10.3.jar:1.10.3]
	at org.junit.platform.engine.support.hierarchical.Node.around(Node.java:137) ~[junit-platform-engine-1.10.3.jar:1.10.3]
	at org.junit.platform.engine.support.hierarchical.NodeTestTask.lambda$executeRecursively$9(NodeTestTask.java:139) ~[junit-platform-engine-1.10.3.jar:1.10.3]
	at org.junit.platform.engine.support.hierarchical.ThrowableCollector.execute(ThrowableCollector.java:73) ~[junit-platform-engine-1.10.3.jar:1.10.3]
	at org.junit.platform.engine.support.hierarchical.NodeTestTask.executeRecursively(NodeTestTask.java:138) ~[junit-platform-engine-1.10.3.jar:1.10.3]
	at org.junit.platform.engine.support.hierarchical.NodeTestTask.execute(NodeTestTask.java:95) ~[junit-platform-engine-1.10.3.jar:1.10.3]
	at org.junit.platform.engine.support.hierarchical.SameThreadHierarchicalTestExecutorService.submit(SameThreadHierarchicalTestExecutorService.java:35) ~[junit-platform-engine-1.10.3.jar:1.10.3]
	at org.junit.platform.engine.support.hierarchical.HierarchicalTestExecutor.execute(HierarchicalTestExecutor.java:57) ~[junit-platform-engine-1.10.3.jar:1.10.3]
	at org.junit.platform.engine.support.hierarchical.HierarchicalTestEngine.execute(HierarchicalTestEngine.java:54) ~[junit-platform-engine-1.10.3.jar:1.10.3]
	at org.junit.platform.launcher.core.EngineExecutionOrchestrator.execute(EngineExecutionOrchestrator.java:198) ~[junit-platform-launcher-1.10.3.jar:1.10.3]
	at org.junit.platform.launcher.core.EngineExecutionOrchestrator.execute(EngineExecutionOrchestrator.java:169) ~[junit-platform-launcher-1.10.3.jar:1.10.3]
	at org.junit.platform.launcher.core.EngineExecutionOrchestrator.execute(EngineExecutionOrchestrator.java:93) ~[junit-platform-launcher-1.10.3.jar:1.10.3]
	at org.junit.platform.launcher.core.EngineExecutionOrchestrator.lambda$execute$0(EngineExecutionOrchestrator.java:58) ~[junit-platform-launcher-1.10.3.jar:1.10.3]
	at org.junit.platform.launcher.core.EngineExecutionOrchestrator.withInterceptedStreams(EngineExecutionOrchestrator.java:141) ~[junit-platform-launcher-1.10.3.jar:1.10.3]
	at org.junit.platform.launcher.core.EngineExecutionOrchestrator.execute(EngineExecutionOrchestrator.java:57) ~[junit-platform-launcher-1.10.3.jar:1.10.3]
	at org.junit.platform.launcher.core.DefaultLauncher.execute(DefaultLauncher.java:103) ~[junit-platform-launcher-1.10.3.jar:1.10.3]
	at org.junit.platform.launcher.core.DefaultLauncher.execute(DefaultLauncher.java:85) ~[junit-platform-launcher-1.10.3.jar:1.10.3]
	at org.junit.platform.launcher.core.DelegatingLauncher.execute(DelegatingLauncher.java:47) ~[junit-platform-launcher-1.10.3.jar:1.10.3]
	at org.junit.platform.launcher.core.SessionPerRequestLauncher.execute(SessionPerRequestLauncher.java:63) ~[junit-platform-launcher-1.10.3.jar:1.10.3]
	at com.intellij.junit5.JUnit5IdeaTestRunner.startRunnerWithArgs(JUnit5IdeaTestRunner.java:57) ~[junit5-rt.jar:na]
	at com.intellij.rt.junit.IdeaTestRunner$Repeater$1.execute(IdeaTestRunner.java:38) ~[junit-rt.jar:na]
	at com.intellij.rt.execution.junit.TestsRepeater.repeat(TestsRepeater.java:11) ~[idea_rt.jar:na]
	at com.intellij.rt.junit.IdeaTestRunner$Repeater.startRunnerWithArgs(IdeaTestRunner.java:35) ~[junit-rt.jar:na]
	at com.intellij.rt.junit.JUnitStarter.prepareStreamsAndStart(JUnitStarter.java:232) ~[junit-rt.jar:na]
	at com.intellij.rt.junit.JUnitStarter.main(JUnitStarter.java:55) ~[junit-rt.jar:na]

2024-08-02T00:03:06.200+05:30  INFO 24792 --- [Production-Ready-Features] [main] c.b.S.P.P.R.F.c.impl.EmployeeClientImpl  : Attempting to retrieve all the employees
2024-08-02T00:03:06.291+05:30 DEBUG 24792 --- [Production-Ready-Features] [main] c.b.S.P.P.R.F.c.impl.EmployeeClientImpl  : Successfully retrieve all the employees
2024-08-02T00:03:06.300+05:30  INFO 24792 --- [Production-Ready-Features] [SpringApplicationShutdownHook] j.LocalContainerEntityManagerFactoryBean : Closing JPA EntityManagerFactory for persistence unit 'default'
2024-08-02T00:03:06.302+05:30  INFO 24792 --- [Production-Ready-Features] [SpringApplicationShutdownHook] com.zaxxer.hikari.HikariDataSource       : HikariPool-1 - Shutdown initiated...
2024-08-02T00:03:06.308+05:30  INFO 24792 --- [Production-Ready-Features] [SpringApplicationShutdownHook] com.zaxxer.hikari.HikariDataSource       : HikariPool-1 - Shutdown completed.
2024-08-02T00:05:11.961+05:30  INFO 11096 --- [Production-Ready-Features] [main] .ProductionReadyFeaturesApplicationTests : Starting ProductionReadyFeaturesApplicationTests using Java 22.0.1 with PID 11096 (started by bhawn in D:\Spring Boot\Production-Ready-Features)
2024-08-02T00:05:11.962+05:30  INFO 11096 --- [Production-Ready-Features] [main] .ProductionReadyFeaturesApplicationTests : No active profile set, falling back to 1 default profile: "default"
2024-08-02T00:05:12.454+05:30  INFO 11096 --- [Production-Ready-Features] [main] .s.d.r.c.RepositoryConfigurationDelegate : Bootstrapping Spring Data JPA repositories in DEFAULT mode.
2024-08-02T00:05:12.499+05:30  INFO 11096 --- [Production-Ready-Features] [main] .s.d.r.c.RepositoryConfigurationDelegate : Finished Spring Data repository scanning in 40 ms. Found 1 JPA repository interface.
2024-08-02T00:05:12.920+05:30  INFO 11096 --- [Production-Ready-Features] [main] o.hibernate.jpa.internal.util.LogHelper  : HHH000204: Processing PersistenceUnitInfo [name: default]
2024-08-02T00:05:12.986+05:30  INFO 11096 --- [Production-Ready-Features] [main] org.hibernate.Version                    : HHH000412: Hibernate ORM core version 6.5.2.Final
2024-08-02T00:05:13.019+05:30  INFO 11096 --- [Production-Ready-Features] [main] o.h.c.internal.RegionFactoryInitiator    : HHH000026: Second-level cache disabled
2024-08-02T00:05:13.111+05:30  INFO 11096 --- [Production-Ready-Features] [main] o.h.e.boot.internal.EnversServiceImpl    : Envers integration enabled? : true
2024-08-02T00:05:13.295+05:30  INFO 11096 --- [Production-Ready-Features] [main] o.s.o.j.p.SpringPersistenceUnitInfo      : No LoadTimeWeaver setup: ignoring JPA class transformer
2024-08-02T00:05:13.317+05:30  INFO 11096 --- [Production-Ready-Features] [main] com.zaxxer.hikari.HikariDataSource       : HikariPool-1 - Starting...
2024-08-02T00:05:13.440+05:30  INFO 11096 --- [Production-Ready-Features] [main] com.zaxxer.hikari.pool.HikariPool        : HikariPool-1 - Added connection com.mysql.cj.jdbc.ConnectionImpl@58f7215c
2024-08-02T00:05:13.441+05:30  INFO 11096 --- [Production-Ready-Features] [main] com.zaxxer.hikari.HikariDataSource       : HikariPool-1 - Start completed.
2024-08-02T00:05:13.647+05:30  INFO 11096 --- [Production-Ready-Features] [main] o.h.e.c.i.m.AuditMetadataGenerator       : Adding properties for entity: com.bhawna.SpringBoot.Prod_Ready_Features.Production.Ready.Features.entities.PostEntity
2024-08-02T00:05:14.193+05:30 ERROR 11096 --- [Production-Ready-Features] [main] o.h.metamodel.internal.MetadataContext   : HHH015007: Illegal argument on static metamodel field injection : org.hibernate.envers.DefaultRevisionEntity_#class_; expected type :  org.hibernate.metamodel.model.domain.internal.EntityTypeImpl; encountered type : jakarta.persistence.metamodel.MappedSuperclassType
2024-08-02T00:05:14.197+05:30  INFO 11096 --- [Production-Ready-Features] [main] o.h.e.t.j.p.i.JtaPlatformInitiator       : HHH000489: No JTA platform available (set 'hibernate.transaction.jta.platform' to enable JTA platform integration)
2024-08-02T00:05:14.353+05:30  INFO 11096 --- [Production-Ready-Features] [main] j.LocalContainerEntityManagerFactoryBean : Initialized JPA EntityManagerFactory for persistence unit 'default'
2024-08-02T00:05:14.810+05:30  WARN 11096 --- [Production-Ready-Features] [main] JpaBaseConfiguration$JpaWebConfiguration : spring.jpa.open-in-view is enabled by default. Therefore, database queries may be performed during view rendering. Explicitly configure spring.jpa.open-in-view to disable this warning
2024-08-02T00:05:15.140+05:30  INFO 11096 --- [Production-Ready-Features] [main] .ProductionReadyFeaturesApplicationTests : Started ProductionReadyFeaturesApplicationTests in 3.473 seconds (process running for 4.201)
2024-08-02T00:05:15.635+05:30 ERROR 11096 --- [Production-Ready-Features] [main] c.b.S.P.P.R.F.c.impl.EmployeeClientImpl  : {"data":null,"error":{"status":"NOT_FOUND","message":"Resource Not Found with id: 19","subErrors":null},"timeStamp":"2024-08-02T00:05:15.6332889"}
2024-08-02T00:05:15.636+05:30 ERROR 11096 --- [Production-Ready-Features] [main] c.b.S.P.P.R.F.c.impl.EmployeeClientImpl  : Exception occurred

com.bhawna.SpringBoot.Prod_Ready_Features.Production.Ready.Features.exceptions.ResourceNotFoundException: Could not get the employee
	at com.bhawna.SpringBoot.Prod_Ready_Features.Production.Ready.Features.clients.impl.EmployeeClientImpl.lambda$getEmployeeById$1(EmployeeClientImpl.java:68) ~[classes/:na]
	at org.springframework.web.client.StatusHandler.handle(StatusHandler.java:146) ~[spring-web-6.1.11.jar:6.1.11]
	at org.springframework.web.client.DefaultRestClient$DefaultResponseSpec.applyStatusHandlers(DefaultRestClient.java:698) ~[spring-web-6.1.11.jar:6.1.11]
	at org.springframework.web.client.DefaultRestClient.readWithMessageConverters(DefaultRestClient.java:200) ~[spring-web-6.1.11.jar:6.1.11]
	at org.springframework.web.client.DefaultRestClient$DefaultResponseSpec.readBody(DefaultRestClient.java:685) ~[spring-web-6.1.11.jar:6.1.11]
	at org.springframework.web.client.DefaultRestClient$DefaultResponseSpec.body(DefaultRestClient.java:639) ~[spring-web-6.1.11.jar:6.1.11]
	at com.bhawna.SpringBoot.Prod_Ready_Features.Production.Ready.Features.clients.impl.EmployeeClientImpl.getEmployeeById(EmployeeClientImpl.java:70) ~[classes/:na]
	at com.bhawna.SpringBoot.Prod_Ready_Features.Production.Ready.Features.ProductionReadyFeaturesApplicationTests.getEmployeedByIdTest(ProductionReadyFeaturesApplicationTests.java:34) ~[test-classes/:na]
	at java.base/jdk.internal.reflect.DirectMethodHandleAccessor.invoke(DirectMethodHandleAccessor.java:103) ~[na:na]
	at java.base/java.lang.reflect.Method.invoke(Method.java:580) ~[na:na]
	at org.junit.platform.commons.util.ReflectionUtils.invokeMethod(ReflectionUtils.java:728) ~[junit-platform-commons-1.10.3.jar:1.10.3]
	at org.junit.jupiter.engine.execution.MethodInvocation.proceed(MethodInvocation.java:60) ~[junit-jupiter-engine-5.10.3.jar:5.10.3]
	at org.junit.jupiter.engine.execution.InvocationInterceptorChain$ValidatingInvocation.proceed(InvocationInterceptorChain.java:131) ~[junit-jupiter-engine-5.10.3.jar:5.10.3]
	at org.junit.jupiter.engine.extension.TimeoutExtension.intercept(TimeoutExtension.java:156) ~[junit-jupiter-engine-5.10.3.jar:5.10.3]
	at org.junit.jupiter.engine.extension.TimeoutExtension.interceptTestableMethod(TimeoutExtension.java:147) ~[junit-jupiter-engine-5.10.3.jar:5.10.3]
	at org.junit.jupiter.engine.extension.TimeoutExtension.interceptTestMethod(TimeoutExtension.java:86) ~[junit-jupiter-engine-5.10.3.jar:5.10.3]
	at org.junit.jupiter.engine.execution.InterceptingExecutableInvoker$ReflectiveInterceptorCall.lambda$ofVoidMethod$0(InterceptingExecutableInvoker.java:103) ~[junit-jupiter-engine-5.10.3.jar:5.10.3]
	at org.junit.jupiter.engine.execution.InterceptingExecutableInvoker.lambda$invoke$0(InterceptingExecutableInvoker.java:93) ~[junit-jupiter-engine-5.10.3.jar:5.10.3]
	at org.junit.jupiter.engine.execution.InvocationInterceptorChain$InterceptedInvocation.proceed(InvocationInterceptorChain.java:106) ~[junit-jupiter-engine-5.10.3.jar:5.10.3]
	at org.junit.jupiter.engine.execution.InvocationInterceptorChain.proceed(InvocationInterceptorChain.java:64) ~[junit-jupiter-engine-5.10.3.jar:5.10.3]
	at org.junit.jupiter.engine.execution.InvocationInterceptorChain.chainAndInvoke(InvocationInterceptorChain.java:45) ~[junit-jupiter-engine-5.10.3.jar:5.10.3]
	at org.junit.jupiter.engine.execution.InvocationInterceptorChain.invoke(InvocationInterceptorChain.java:37) ~[junit-jupiter-engine-5.10.3.jar:5.10.3]
	at org.junit.jupiter.engine.execution.InterceptingExecutableInvoker.invoke(InterceptingExecutableInvoker.java:92) ~[junit-jupiter-engine-5.10.3.jar:5.10.3]
	at org.junit.jupiter.engine.execution.InterceptingExecutableInvoker.invoke(InterceptingExecutableInvoker.java:86) ~[junit-jupiter-engine-5.10.3.jar:5.10.3]
	at org.junit.jupiter.engine.descriptor.TestMethodTestDescriptor.lambda$invokeTestMethod$7(TestMethodTestDescriptor.java:218) ~[junit-jupiter-engine-5.10.3.jar:5.10.3]
	at org.junit.platform.engine.support.hierarchical.ThrowableCollector.execute(ThrowableCollector.java:73) ~[junit-platform-engine-1.10.3.jar:1.10.3]
	at org.junit.jupiter.engine.descriptor.TestMethodTestDescriptor.invokeTestMethod(TestMethodTestDescriptor.java:214) ~[junit-jupiter-engine-5.10.3.jar:5.10.3]
	at org.junit.jupiter.engine.descriptor.TestMethodTestDescriptor.execute(TestMethodTestDescriptor.java:139) ~[junit-jupiter-engine-5.10.3.jar:5.10.3]
	at org.junit.jupiter.engine.descriptor.TestMethodTestDescriptor.execute(TestMethodTestDescriptor.java:69) ~[junit-jupiter-engine-5.10.3.jar:5.10.3]
	at org.junit.platform.engine.support.hierarchical.NodeTestTask.lambda$executeRecursively$6(NodeTestTask.java:151) ~[junit-platform-engine-1.10.3.jar:1.10.3]
	at org.junit.platform.engine.support.hierarchical.ThrowableCollector.execute(ThrowableCollector.java:73) ~[junit-platform-engine-1.10.3.jar:1.10.3]
	at org.junit.platform.engine.support.hierarchical.NodeTestTask.lambda$executeRecursively$8(NodeTestTask.java:141) ~[junit-platform-engine-1.10.3.jar:1.10.3]
	at org.junit.platform.engine.support.hierarchical.Node.around(Node.java:137) ~[junit-platform-engine-1.10.3.jar:1.10.3]
	at org.junit.platform.engine.support.hierarchical.NodeTestTask.lambda$executeRecursively$9(NodeTestTask.java:139) ~[junit-platform-engine-1.10.3.jar:1.10.3]
	at org.junit.platform.engine.support.hierarchical.ThrowableCollector.execute(ThrowableCollector.java:73) ~[junit-platform-engine-1.10.3.jar:1.10.3]
	at org.junit.platform.engine.support.hierarchical.NodeTestTask.executeRecursively(NodeTestTask.java:138) ~[junit-platform-engine-1.10.3.jar:1.10.3]
	at org.junit.platform.engine.support.hierarchical.NodeTestTask.execute(NodeTestTask.java:95) ~[junit-platform-engine-1.10.3.jar:1.10.3]
	at java.base/java.util.ArrayList.forEach(ArrayList.java:1597) ~[na:na]
	at org.junit.platform.engine.support.hierarchical.SameThreadHierarchicalTestExecutorService.invokeAll(SameThreadHierarchicalTestExecutorService.java:41) ~[junit-platform-engine-1.10.3.jar:1.10.3]
	at org.junit.platform.engine.support.hierarchical.NodeTestTask.lambda$executeRecursively$6(NodeTestTask.java:155) ~[junit-platform-engine-1.10.3.jar:1.10.3]
	at org.junit.platform.engine.support.hierarchical.ThrowableCollector.execute(ThrowableCollector.java:73) ~[junit-platform-engine-1.10.3.jar:1.10.3]
	at org.junit.platform.engine.support.hierarchical.NodeTestTask.lambda$executeRecursively$8(NodeTestTask.java:141) ~[junit-platform-engine-1.10.3.jar:1.10.3]
	at org.junit.platform.engine.support.hierarchical.Node.around(Node.java:137) ~[junit-platform-engine-1.10.3.jar:1.10.3]
	at org.junit.platform.engine.support.hierarchical.NodeTestTask.lambda$executeRecursively$9(NodeTestTask.java:139) ~[junit-platform-engine-1.10.3.jar:1.10.3]
	at org.junit.platform.engine.support.hierarchical.ThrowableCollector.execute(ThrowableCollector.java:73) ~[junit-platform-engine-1.10.3.jar:1.10.3]
	at org.junit.platform.engine.support.hierarchical.NodeTestTask.executeRecursively(NodeTestTask.java:138) ~[junit-platform-engine-1.10.3.jar:1.10.3]
	at org.junit.platform.engine.support.hierarchical.NodeTestTask.execute(NodeTestTask.java:95) ~[junit-platform-engine-1.10.3.jar:1.10.3]
	at java.base/java.util.ArrayList.forEach(ArrayList.java:1597) ~[na:na]
	at org.junit.platform.engine.support.hierarchical.SameThreadHierarchicalTestExecutorService.invokeAll(SameThreadHierarchicalTestExecutorService.java:41) ~[junit-platform-engine-1.10.3.jar:1.10.3]
	at org.junit.platform.engine.support.hierarchical.NodeTestTask.lambda$executeRecursively$6(NodeTestTask.java:155) ~[junit-platform-engine-1.10.3.jar:1.10.3]
	at org.junit.platform.engine.support.hierarchical.ThrowableCollector.execute(ThrowableCollector.java:73) ~[junit-platform-engine-1.10.3.jar:1.10.3]
	at org.junit.platform.engine.support.hierarchical.NodeTestTask.lambda$executeRecursively$8(NodeTestTask.java:141) ~[junit-platform-engine-1.10.3.jar:1.10.3]
	at org.junit.platform.engine.support.hierarchical.Node.around(Node.java:137) ~[junit-platform-engine-1.10.3.jar:1.10.3]
	at org.junit.platform.engine.support.hierarchical.NodeTestTask.lambda$executeRecursively$9(NodeTestTask.java:139) ~[junit-platform-engine-1.10.3.jar:1.10.3]
	at org.junit.platform.engine.support.hierarchical.ThrowableCollector.execute(ThrowableCollector.java:73) ~[junit-platform-engine-1.10.3.jar:1.10.3]
	at org.junit.platform.engine.support.hierarchical.NodeTestTask.executeRecursively(NodeTestTask.java:138) ~[junit-platform-engine-1.10.3.jar:1.10.3]
	at org.junit.platform.engine.support.hierarchical.NodeTestTask.execute(NodeTestTask.java:95) ~[junit-platform-engine-1.10.3.jar:1.10.3]
	at org.junit.platform.engine.support.hierarchical.SameThreadHierarchicalTestExecutorService.submit(SameThreadHierarchicalTestExecutorService.java:35) ~[junit-platform-engine-1.10.3.jar:1.10.3]
	at org.junit.platform.engine.support.hierarchical.HierarchicalTestExecutor.execute(HierarchicalTestExecutor.java:57) ~[junit-platform-engine-1.10.3.jar:1.10.3]
	at org.junit.platform.engine.support.hierarchical.HierarchicalTestEngine.execute(HierarchicalTestEngine.java:54) ~[junit-platform-engine-1.10.3.jar:1.10.3]
	at org.junit.platform.launcher.core.EngineExecutionOrchestrator.execute(EngineExecutionOrchestrator.java:198) ~[junit-platform-launcher-1.10.3.jar:1.10.3]
	at org.junit.platform.launcher.core.EngineExecutionOrchestrator.execute(EngineExecutionOrchestrator.java:169) ~[junit-platform-launcher-1.10.3.jar:1.10.3]
	at org.junit.platform.launcher.core.EngineExecutionOrchestrator.execute(EngineExecutionOrchestrator.java:93) ~[junit-platform-launcher-1.10.3.jar:1.10.3]
	at org.junit.platform.launcher.core.EngineExecutionOrchestrator.lambda$execute$0(EngineExecutionOrchestrator.java:58) ~[junit-platform-launcher-1.10.3.jar:1.10.3]
	at org.junit.platform.launcher.core.EngineExecutionOrchestrator.withInterceptedStreams(EngineExecutionOrchestrator.java:141) ~[junit-platform-launcher-1.10.3.jar:1.10.3]
	at org.junit.platform.launcher.core.EngineExecutionOrchestrator.execute(EngineExecutionOrchestrator.java:57) ~[junit-platform-launcher-1.10.3.jar:1.10.3]
	at org.junit.platform.launcher.core.DefaultLauncher.execute(DefaultLauncher.java:103) ~[junit-platform-launcher-1.10.3.jar:1.10.3]
	at org.junit.platform.launcher.core.DefaultLauncher.execute(DefaultLauncher.java:85) ~[junit-platform-launcher-1.10.3.jar:1.10.3]
	at org.junit.platform.launcher.core.DelegatingLauncher.execute(DelegatingLauncher.java:47) ~[junit-platform-launcher-1.10.3.jar:1.10.3]
	at org.junit.platform.launcher.core.SessionPerRequestLauncher.execute(SessionPerRequestLauncher.java:63) ~[junit-platform-launcher-1.10.3.jar:1.10.3]
	at com.intellij.junit5.JUnit5IdeaTestRunner.startRunnerWithArgs(JUnit5IdeaTestRunner.java:57) ~[junit5-rt.jar:na]
	at com.intellij.rt.junit.IdeaTestRunner$Repeater$1.execute(IdeaTestRunner.java:38) ~[junit-rt.jar:na]
	at com.intellij.rt.execution.junit.TestsRepeater.repeat(TestsRepeater.java:11) ~[idea_rt.jar:na]
	at com.intellij.rt.junit.IdeaTestRunner$Repeater.startRunnerWithArgs(IdeaTestRunner.java:35) ~[junit-rt.jar:na]
	at com.intellij.rt.junit.JUnitStarter.prepareStreamsAndStart(JUnitStarter.java:232) ~[junit-rt.jar:na]
	at com.intellij.rt.junit.JUnitStarter.main(JUnitStarter.java:55) ~[junit-rt.jar:na]

2024-08-02T00:05:15.649+05:30  INFO 11096 --- [Production-Ready-Features] [main] c.b.S.P.P.R.F.c.impl.EmployeeClientImpl  : Attempting to retrieve all the employees
2024-08-02T00:05:15.657+05:30 DEBUG 11096 --- [Production-Ready-Features] [main] c.b.S.P.P.R.F.c.impl.EmployeeClientImpl  : Successfully retrieve all the employees
2024-08-02T00:05:15.664+05:30  INFO 11096 --- [Production-Ready-Features] [SpringApplicationShutdownHook] j.LocalContainerEntityManagerFactoryBean : Closing JPA EntityManagerFactory for persistence unit 'default'
2024-08-02T00:05:15.665+05:30  INFO 11096 --- [Production-Ready-Features] [SpringApplicationShutdownHook] com.zaxxer.hikari.HikariDataSource       : HikariPool-1 - Shutdown initiated...
2024-08-02T00:05:15.670+05:30  INFO 11096 --- [Production-Ready-Features] [SpringApplicationShutdownHook] com.zaxxer.hikari.HikariDataSource       : HikariPool-1 - Shutdown completed.
2024-08-02T10:50:30.139+05:30  INFO 24596 --- [Production-Ready-Features] [restartedMain] P.R.F.ProductionReadyFeaturesApplication : Starting ProductionReadyFeaturesApplication using Java 22.0.1 with PID 24596 (D:\Spring Boot\Production-Ready-Features\target\classes started by bhawn in D:\Spring Boot\Production-Ready-Features)
2024-08-02T10:50:30.142+05:30  INFO 24596 --- [Production-Ready-Features] [restartedMain] P.R.F.ProductionReadyFeaturesApplication : No active profile set, falling back to 1 default profile: "default"
2024-08-02T10:50:30.187+05:30  INFO 24596 --- [Production-Ready-Features] [restartedMain] .e.DevToolsPropertyDefaultsPostProcessor : Devtools property defaults active! Set 'spring.devtools.add-properties' to 'false' to disable
2024-08-02T10:50:30.187+05:30  INFO 24596 --- [Production-Ready-Features] [restartedMain] .e.DevToolsPropertyDefaultsPostProcessor : For additional web related logging consider setting the 'logging.level.web' property to 'DEBUG'
2024-08-02T10:50:31.023+05:30  INFO 24596 --- [Production-Ready-Features] [restartedMain] .s.d.r.c.RepositoryConfigurationDelegate : Bootstrapping Spring Data JPA repositories in DEFAULT mode.
2024-08-02T10:50:31.080+05:30  INFO 24596 --- [Production-Ready-Features] [restartedMain] .s.d.r.c.RepositoryConfigurationDelegate : Finished Spring Data repository scanning in 46 ms. Found 1 JPA repository interface.
2024-08-02T10:50:31.881+05:30  INFO 24596 --- [Production-Ready-Features] [restartedMain] o.s.b.w.embedded.tomcat.TomcatWebServer  : Tomcat initialized with port 9000 (http)
2024-08-02T10:50:31.896+05:30  INFO 24596 --- [Production-Ready-Features] [restartedMain] o.apache.catalina.core.StandardService   : Starting service [Tomcat]
2024-08-02T10:50:31.897+05:30  INFO 24596 --- [Production-Ready-Features] [restartedMain] o.apache.catalina.core.StandardEngine    : Starting Servlet engine: [Apache Tomcat/10.1.26]
2024-08-02T10:50:31.949+05:30  INFO 24596 --- [Production-Ready-Features] [restartedMain] o.a.c.c.C.[Tomcat].[localhost].[/]       : Initializing Spring embedded WebApplicationContext
2024-08-02T10:50:31.949+05:30  INFO 24596 --- [Production-Ready-Features] [restartedMain] w.s.c.ServletWebServerApplicationContext : Root WebApplicationContext: initialization completed in 1761 ms
2024-08-02T10:50:32.238+05:30  INFO 24596 --- [Production-Ready-Features] [restartedMain] o.hibernate.jpa.internal.util.LogHelper  : HHH000204: Processing PersistenceUnitInfo [name: default]
2024-08-02T10:50:32.285+05:30  INFO 24596 --- [Production-Ready-Features] [restartedMain] org.hibernate.Version                    : HHH000412: Hibernate ORM core version 6.5.2.Final
2024-08-02T10:50:32.314+05:30  INFO 24596 --- [Production-Ready-Features] [restartedMain] o.h.c.internal.RegionFactoryInitiator    : HHH000026: Second-level cache disabled
2024-08-02T10:50:32.390+05:30  INFO 24596 --- [Production-Ready-Features] [restartedMain] o.h.e.boot.internal.EnversServiceImpl    : Envers integration enabled? : true
2024-08-02T10:50:32.578+05:30  INFO 24596 --- [Production-Ready-Features] [restartedMain] o.s.o.j.p.SpringPersistenceUnitInfo      : No LoadTimeWeaver setup: ignoring JPA class transformer
2024-08-02T10:50:32.594+05:30  INFO 24596 --- [Production-Ready-Features] [restartedMain] com.zaxxer.hikari.HikariDataSource       : HikariPool-1 - Starting...
2024-08-02T10:50:32.731+05:30  INFO 24596 --- [Production-Ready-Features] [restartedMain] com.zaxxer.hikari.pool.HikariPool        : HikariPool-1 - Added connection com.mysql.cj.jdbc.ConnectionImpl@6b8dd19d
2024-08-02T10:50:32.733+05:30  INFO 24596 --- [Production-Ready-Features] [restartedMain] com.zaxxer.hikari.HikariDataSource       : HikariPool-1 - Start completed.
2024-08-02T10:50:32.930+05:30  INFO 24596 --- [Production-Ready-Features] [restartedMain] o.h.e.c.i.m.AuditMetadataGenerator       : Adding properties for entity: com.bhawna.SpringBoot.Prod_Ready_Features.Production.Ready.Features.entities.PostEntity
2024-08-02T10:50:33.490+05:30 ERROR 24596 --- [Production-Ready-Features] [restartedMain] o.h.metamodel.internal.MetadataContext   : HHH015007: Illegal argument on static metamodel field injection : org.hibernate.envers.DefaultRevisionEntity_#class_; expected type :  org.hibernate.metamodel.model.domain.internal.EntityTypeImpl; encountered type : jakarta.persistence.metamodel.MappedSuperclassType
2024-08-02T10:50:33.494+05:30  INFO 24596 --- [Production-Ready-Features] [restartedMain] o.h.e.t.j.p.i.JtaPlatformInitiator       : HHH000489: No JTA platform available (set 'hibernate.transaction.jta.platform' to enable JTA platform integration)
2024-08-02T10:50:33.635+05:30  INFO 24596 --- [Production-Ready-Features] [restartedMain] j.LocalContainerEntityManagerFactoryBean : Initialized JPA EntityManagerFactory for persistence unit 'default'
2024-08-02T10:50:34.126+05:30  WARN 24596 --- [Production-Ready-Features] [restartedMain] JpaBaseConfiguration$JpaWebConfiguration : spring.jpa.open-in-view is enabled by default. Therefore, database queries may be performed during view rendering. Explicitly configure spring.jpa.open-in-view to disable this warning
2024-08-02T10:50:34.757+05:30  INFO 24596 --- [Production-Ready-Features] [restartedMain] o.s.b.d.a.OptionalLiveReloadServer       : LiveReload server is running on port 35729
2024-08-02T10:50:34.770+05:30  INFO 24596 --- [Production-Ready-Features] [restartedMain] o.s.b.a.e.web.EndpointLinksResolver      : Exposing 1 endpoint beneath base path '/actuator'
2024-08-02T10:50:34.840+05:30  INFO 24596 --- [Production-Ready-Features] [restartedMain] o.s.b.w.embedded.tomcat.TomcatWebServer  : Tomcat started on port 9000 (http) with context path '/'
2024-08-02T10:50:34.852+05:30  INFO 24596 --- [Production-Ready-Features] [restartedMain] P.R.F.ProductionReadyFeaturesApplication : Started ProductionReadyFeaturesApplication in 5.172 seconds (process running for 5.633)
2024-08-02T10:50:57.094+05:30  INFO 24596 --- [Production-Ready-Features] [http-nio-9000-exec-1] o.a.c.c.C.[Tomcat].[localhost].[/]       : Initializing Spring DispatcherServlet 'dispatcherServlet'
2024-08-02T10:50:57.094+05:30  INFO 24596 --- [Production-Ready-Features] [http-nio-9000-exec-1] o.s.web.servlet.DispatcherServlet        : Initializing Servlet 'dispatcherServlet'
2024-08-02T10:50:57.095+05:30  INFO 24596 --- [Production-Ready-Features] [http-nio-9000-exec-1] o.s.web.servlet.DispatcherServlet        : Completed initialization in 1 ms
2024-08-02T10:54:53.182+05:30  INFO 24596 --- [Production-Ready-Features] [SpringApplicationShutdownHook] j.LocalContainerEntityManagerFactoryBean : Closing JPA EntityManagerFactory for persistence unit 'default'
2024-08-02T10:54:53.185+05:30  INFO 24596 --- [Production-Ready-Features] [SpringApplicationShutdownHook] com.zaxxer.hikari.HikariDataSource       : HikariPool-1 - Shutdown initiated...
2024-08-02T10:54:53.192+05:30  INFO 24596 --- [Production-Ready-Features] [SpringApplicationShutdownHook] com.zaxxer.hikari.HikariDataSource       : HikariPool-1 - Shutdown completed.
2024-08-02T10:54:55.298+05:30  INFO 12016 --- [Production-Ready-Features] [restartedMain] P.R.F.ProductionReadyFeaturesApplication : Starting ProductionReadyFeaturesApplication using Java 22.0.1 with PID 12016 (D:\Spring Boot\Production-Ready-Features\target\classes started by bhawn in D:\Spring Boot\Production-Ready-Features)
2024-08-02T10:54:55.300+05:30  INFO 12016 --- [Production-Ready-Features] [restartedMain] P.R.F.ProductionReadyFeaturesApplication : No active profile set, falling back to 1 default profile: "default"
2024-08-02T10:54:55.338+05:30  INFO 12016 --- [Production-Ready-Features] [restartedMain] .e.DevToolsPropertyDefaultsPostProcessor : Devtools property defaults active! Set 'spring.devtools.add-properties' to 'false' to disable
2024-08-02T10:54:55.338+05:30  INFO 12016 --- [Production-Ready-Features] [restartedMain] .e.DevToolsPropertyDefaultsPostProcessor : For additional web related logging consider setting the 'logging.level.web' property to 'DEBUG'
2024-08-02T10:54:56.154+05:30  INFO 12016 --- [Production-Ready-Features] [restartedMain] .s.d.r.c.RepositoryConfigurationDelegate : Bootstrapping Spring Data JPA repositories in DEFAULT mode.
2024-08-02T10:54:56.198+05:30  INFO 12016 --- [Production-Ready-Features] [restartedMain] .s.d.r.c.RepositoryConfigurationDelegate : Finished Spring Data repository scanning in 39 ms. Found 1 JPA repository interface.
2024-08-02T10:54:56.946+05:30  INFO 12016 --- [Production-Ready-Features] [restartedMain] o.s.b.w.embedded.tomcat.TomcatWebServer  : Tomcat initialized with port 9000 (http)
2024-08-02T10:54:56.959+05:30  INFO 12016 --- [Production-Ready-Features] [restartedMain] o.apache.catalina.core.StandardService   : Starting service [Tomcat]
2024-08-02T10:54:56.961+05:30  INFO 12016 --- [Production-Ready-Features] [restartedMain] o.apache.catalina.core.StandardEngine    : Starting Servlet engine: [Apache Tomcat/10.1.26]
2024-08-02T10:54:57.005+05:30  INFO 12016 --- [Production-Ready-Features] [restartedMain] o.a.c.c.C.[Tomcat].[localhost].[/]       : Initializing Spring embedded WebApplicationContext
2024-08-02T10:54:57.005+05:30  INFO 12016 --- [Production-Ready-Features] [restartedMain] w.s.c.ServletWebServerApplicationContext : Root WebApplicationContext: initialization completed in 1667 ms
2024-08-02T10:54:57.332+05:30  INFO 12016 --- [Production-Ready-Features] [restartedMain] o.hibernate.jpa.internal.util.LogHelper  : HHH000204: Processing PersistenceUnitInfo [name: default]
2024-08-02T10:54:57.387+05:30  INFO 12016 --- [Production-Ready-Features] [restartedMain] org.hibernate.Version                    : HHH000412: Hibernate ORM core version 6.5.2.Final
2024-08-02T10:54:57.415+05:30  INFO 12016 --- [Production-Ready-Features] [restartedMain] o.h.c.internal.RegionFactoryInitiator    : HHH000026: Second-level cache disabled
2024-08-02T10:54:57.487+05:30  INFO 12016 --- [Production-Ready-Features] [restartedMain] o.h.e.boot.internal.EnversServiceImpl    : Envers integration enabled? : true
2024-08-02T10:54:57.627+05:30  INFO 12016 --- [Production-Ready-Features] [restartedMain] o.s.o.j.p.SpringPersistenceUnitInfo      : No LoadTimeWeaver setup: ignoring JPA class transformer
2024-08-02T10:54:57.646+05:30  INFO 12016 --- [Production-Ready-Features] [restartedMain] com.zaxxer.hikari.HikariDataSource       : HikariPool-1 - Starting...
2024-08-02T10:54:57.744+05:30  INFO 12016 --- [Production-Ready-Features] [restartedMain] com.zaxxer.hikari.pool.HikariPool        : HikariPool-1 - Added connection com.mysql.cj.jdbc.ConnectionImpl@22ff1c03
2024-08-02T10:54:57.746+05:30  INFO 12016 --- [Production-Ready-Features] [restartedMain] com.zaxxer.hikari.HikariDataSource       : HikariPool-1 - Start completed.
2024-08-02T10:54:57.930+05:30  INFO 12016 --- [Production-Ready-Features] [restartedMain] o.h.e.c.i.m.AuditMetadataGenerator       : Adding properties for entity: com.bhawna.SpringBoot.Prod_Ready_Features.Production.Ready.Features.entities.PostEntity
2024-08-02T10:54:58.466+05:30 ERROR 12016 --- [Production-Ready-Features] [restartedMain] o.h.metamodel.internal.MetadataContext   : HHH015007: Illegal argument on static metamodel field injection : org.hibernate.envers.DefaultRevisionEntity_#class_; expected type :  org.hibernate.metamodel.model.domain.internal.EntityTypeImpl; encountered type : jakarta.persistence.metamodel.MappedSuperclassType
2024-08-02T10:54:58.470+05:30  INFO 12016 --- [Production-Ready-Features] [restartedMain] o.h.e.t.j.p.i.JtaPlatformInitiator       : HHH000489: No JTA platform available (set 'hibernate.transaction.jta.platform' to enable JTA platform integration)
2024-08-02T10:54:58.600+05:30  INFO 12016 --- [Production-Ready-Features] [restartedMain] j.LocalContainerEntityManagerFactoryBean : Initialized JPA EntityManagerFactory for persistence unit 'default'
2024-08-02T10:54:59.032+05:30  WARN 12016 --- [Production-Ready-Features] [restartedMain] JpaBaseConfiguration$JpaWebConfiguration : spring.jpa.open-in-view is enabled by default. Therefore, database queries may be performed during view rendering. Explicitly configure spring.jpa.open-in-view to disable this warning
2024-08-02T10:54:59.754+05:30  INFO 12016 --- [Production-Ready-Features] [restartedMain] o.s.b.d.a.OptionalLiveReloadServer       : LiveReload server is running on port 35729
2024-08-02T10:54:59.767+05:30  INFO 12016 --- [Production-Ready-Features] [restartedMain] o.s.b.a.e.web.EndpointLinksResolver      : Exposing 15 endpoints beneath base path '/actuator'
2024-08-02T10:54:59.830+05:30  INFO 12016 --- [Production-Ready-Features] [restartedMain] o.s.b.w.embedded.tomcat.TomcatWebServer  : Tomcat started on port 9000 (http) with context path '/'
2024-08-02T10:54:59.843+05:30  INFO 12016 --- [Production-Ready-Features] [restartedMain] P.R.F.ProductionReadyFeaturesApplication : Started ProductionReadyFeaturesApplication in 5.004 seconds (process running for 5.52)
2024-08-02T10:55:48.002+05:30  INFO 12016 --- [Production-Ready-Features] [http-nio-9000-exec-1] o.a.c.c.C.[Tomcat].[localhost].[/]       : Initializing Spring DispatcherServlet 'dispatcherServlet'
2024-08-02T10:55:48.002+05:30  INFO 12016 --- [Production-Ready-Features] [http-nio-9000-exec-1] o.s.web.servlet.DispatcherServlet        : Initializing Servlet 'dispatcherServlet'
2024-08-02T10:55:48.004+05:30  INFO 12016 --- [Production-Ready-Features] [http-nio-9000-exec-1] o.s.web.servlet.DispatcherServlet        : Completed initialization in 2 ms
2024-08-02T11:27:01.370+05:30  INFO 12016 --- [Production-Ready-Features] [SpringApplicationShutdownHook] j.LocalContainerEntityManagerFactoryBean : Closing JPA EntityManagerFactory for persistence unit 'default'
2024-08-02T11:27:01.374+05:30  INFO 12016 --- [Production-Ready-Features] [SpringApplicationShutdownHook] com.zaxxer.hikari.HikariDataSource       : HikariPool-1 - Shutdown initiated...
2024-08-02T11:27:01.378+05:30  INFO 12016 --- [Production-Ready-Features] [SpringApplicationShutdownHook] com.zaxxer.hikari.HikariDataSource       : HikariPool-1 - Shutdown completed.
2024-08-02T11:27:03.318+05:30  INFO 12688 --- [Production-Ready-Features] [restartedMain] P.R.F.ProductionReadyFeaturesApplication : Starting ProductionReadyFeaturesApplication using Java 22.0.1 with PID 12688 (D:\Spring Boot\Production-Ready-Features\target\classes started by bhawn in D:\Spring Boot\Production-Ready-Features)
2024-08-02T11:27:03.320+05:30  INFO 12688 --- [Production-Ready-Features] [restartedMain] P.R.F.ProductionReadyFeaturesApplication : No active profile set, falling back to 1 default profile: "default"
2024-08-02T11:27:03.356+05:30  INFO 12688 --- [Production-Ready-Features] [restartedMain] .e.DevToolsPropertyDefaultsPostProcessor : Devtools property defaults active! Set 'spring.devtools.add-properties' to 'false' to disable
2024-08-02T11:27:03.356+05:30  INFO 12688 --- [Production-Ready-Features] [restartedMain] .e.DevToolsPropertyDefaultsPostProcessor : For additional web related logging consider setting the 'logging.level.web' property to 'DEBUG'
2024-08-02T11:27:04.145+05:30  INFO 12688 --- [Production-Ready-Features] [restartedMain] .s.d.r.c.RepositoryConfigurationDelegate : Bootstrapping Spring Data JPA repositories in DEFAULT mode.
2024-08-02T11:27:04.187+05:30  INFO 12688 --- [Production-Ready-Features] [restartedMain] .s.d.r.c.RepositoryConfigurationDelegate : Finished Spring Data repository scanning in 36 ms. Found 1 JPA repository interface.
2024-08-02T11:27:04.905+05:30  INFO 12688 --- [Production-Ready-Features] [restartedMain] o.s.b.w.embedded.tomcat.TomcatWebServer  : Tomcat initialized with port 9000 (http)
2024-08-02T11:27:04.918+05:30  INFO 12688 --- [Production-Ready-Features] [restartedMain] o.apache.catalina.core.StandardService   : Starting service [Tomcat]
2024-08-02T11:27:04.919+05:30  INFO 12688 --- [Production-Ready-Features] [restartedMain] o.apache.catalina.core.StandardEngine    : Starting Servlet engine: [Apache Tomcat/10.1.26]
2024-08-02T11:27:04.964+05:30  INFO 12688 --- [Production-Ready-Features] [restartedMain] o.a.c.c.C.[Tomcat].[localhost].[/]       : Initializing Spring embedded WebApplicationContext
2024-08-02T11:27:04.964+05:30  INFO 12688 --- [Production-Ready-Features] [restartedMain] w.s.c.ServletWebServerApplicationContext : Root WebApplicationContext: initialization completed in 1607 ms
2024-08-02T11:27:05.265+05:30  INFO 12688 --- [Production-Ready-Features] [restartedMain] o.hibernate.jpa.internal.util.LogHelper  : HHH000204: Processing PersistenceUnitInfo [name: default]
2024-08-02T11:27:05.321+05:30  INFO 12688 --- [Production-Ready-Features] [restartedMain] org.hibernate.Version                    : HHH000412: Hibernate ORM core version 6.5.2.Final
2024-08-02T11:27:05.355+05:30  INFO 12688 --- [Production-Ready-Features] [restartedMain] o.h.c.internal.RegionFactoryInitiator    : HHH000026: Second-level cache disabled
2024-08-02T11:27:05.431+05:30  INFO 12688 --- [Production-Ready-Features] [restartedMain] o.h.e.boot.internal.EnversServiceImpl    : Envers integration enabled? : true
2024-08-02T11:27:05.576+05:30  INFO 12688 --- [Production-Ready-Features] [restartedMain] o.s.o.j.p.SpringPersistenceUnitInfo      : No LoadTimeWeaver setup: ignoring JPA class transformer
2024-08-02T11:27:05.596+05:30  INFO 12688 --- [Production-Ready-Features] [restartedMain] com.zaxxer.hikari.HikariDataSource       : HikariPool-1 - Starting...
2024-08-02T11:27:05.706+05:30  INFO 12688 --- [Production-Ready-Features] [restartedMain] com.zaxxer.hikari.pool.HikariPool        : HikariPool-1 - Added connection com.mysql.cj.jdbc.ConnectionImpl@7a52f618
2024-08-02T11:27:05.708+05:30  INFO 12688 --- [Production-Ready-Features] [restartedMain] com.zaxxer.hikari.HikariDataSource       : HikariPool-1 - Start completed.
2024-08-02T11:27:05.905+05:30  INFO 12688 --- [Production-Ready-Features] [restartedMain] o.h.e.c.i.m.AuditMetadataGenerator       : Adding properties for entity: com.bhawna.SpringBoot.Prod_Ready_Features.Production.Ready.Features.entities.PostEntity
2024-08-02T11:27:06.470+05:30 ERROR 12688 --- [Production-Ready-Features] [restartedMain] o.h.metamodel.internal.MetadataContext   : HHH015007: Illegal argument on static metamodel field injection : org.hibernate.envers.DefaultRevisionEntity_#class_; expected type :  org.hibernate.metamodel.model.domain.internal.EntityTypeImpl; encountered type : jakarta.persistence.metamodel.MappedSuperclassType
2024-08-02T11:27:06.476+05:30  INFO 12688 --- [Production-Ready-Features] [restartedMain] o.h.e.t.j.p.i.JtaPlatformInitiator       : HHH000489: No JTA platform available (set 'hibernate.transaction.jta.platform' to enable JTA platform integration)
2024-08-02T11:27:06.617+05:30  INFO 12688 --- [Production-Ready-Features] [restartedMain] j.LocalContainerEntityManagerFactoryBean : Initialized JPA EntityManagerFactory for persistence unit 'default'
2024-08-02T11:27:07.071+05:30  WARN 12688 --- [Production-Ready-Features] [restartedMain] JpaBaseConfiguration$JpaWebConfiguration : spring.jpa.open-in-view is enabled by default. Therefore, database queries may be performed during view rendering. Explicitly configure spring.jpa.open-in-view to disable this warning
2024-08-02T11:27:07.815+05:30  INFO 12688 --- [Production-Ready-Features] [restartedMain] o.s.b.d.a.OptionalLiveReloadServer       : LiveReload server is running on port 35729
2024-08-02T11:27:07.827+05:30  INFO 12688 --- [Production-Ready-Features] [restartedMain] o.s.b.a.e.web.EndpointLinksResolver      : Exposing 15 endpoints beneath base path '/actuator'
2024-08-02T11:27:07.895+05:30  INFO 12688 --- [Production-Ready-Features] [restartedMain] o.s.b.w.embedded.tomcat.TomcatWebServer  : Tomcat started on port 9000 (http) with context path '/'
2024-08-02T11:27:07.905+05:30  INFO 12688 --- [Production-Ready-Features] [restartedMain] P.R.F.ProductionReadyFeaturesApplication : Started ProductionReadyFeaturesApplication in 4.989 seconds (process running for 5.496)
2024-08-02T11:27:13.716+05:30  INFO 12688 --- [Production-Ready-Features] [http-nio-9000-exec-1] o.a.c.c.C.[Tomcat].[localhost].[/]       : Initializing Spring DispatcherServlet 'dispatcherServlet'
2024-08-02T11:27:13.716+05:30  INFO 12688 --- [Production-Ready-Features] [http-nio-9000-exec-1] o.s.web.servlet.DispatcherServlet        : Initializing Servlet 'dispatcherServlet'
2024-08-02T11:27:13.718+05:30  INFO 12688 --- [Production-Ready-Features] [http-nio-9000-exec-1] o.s.web.servlet.DispatcherServlet        : Completed initialization in 2 ms
2024-08-02T11:42:54.421+05:30  INFO 12688 --- [Production-Ready-Features] [SpringApplicationShutdownHook] j.LocalContainerEntityManagerFactoryBean : Closing JPA EntityManagerFactory for persistence unit 'default'
2024-08-02T11:42:54.424+05:30  INFO 12688 --- [Production-Ready-Features] [SpringApplicationShutdownHook] com.zaxxer.hikari.HikariDataSource       : HikariPool-1 - Shutdown initiated...
2024-08-02T11:42:54.432+05:30  INFO 12688 --- [Production-Ready-Features] [SpringApplicationShutdownHook] com.zaxxer.hikari.HikariDataSource       : HikariPool-1 - Shutdown completed.
2024-08-02T11:42:56.498+05:30  INFO 7308 --- [Production-Ready-Features] [restartedMain] P.R.F.ProductionReadyFeaturesApplication : Starting ProductionReadyFeaturesApplication using Java 22.0.1 with PID 7308 (D:\Spring Boot\Production-Ready-Features\target\classes started by bhawn in D:\Spring Boot\Production-Ready-Features)
2024-08-02T11:42:56.500+05:30  INFO 7308 --- [Production-Ready-Features] [restartedMain] P.R.F.ProductionReadyFeaturesApplication : No active profile set, falling back to 1 default profile: "default"
2024-08-02T11:42:56.548+05:30  INFO 7308 --- [Production-Ready-Features] [restartedMain] .e.DevToolsPropertyDefaultsPostProcessor : Devtools property defaults active! Set 'spring.devtools.add-properties' to 'false' to disable
2024-08-02T11:42:56.548+05:30  INFO 7308 --- [Production-Ready-Features] [restartedMain] .e.DevToolsPropertyDefaultsPostProcessor : For additional web related logging consider setting the 'logging.level.web' property to 'DEBUG'
2024-08-02T11:42:57.348+05:30  INFO 7308 --- [Production-Ready-Features] [restartedMain] .s.d.r.c.RepositoryConfigurationDelegate : Bootstrapping Spring Data JPA repositories in DEFAULT mode.
2024-08-02T11:42:57.390+05:30  INFO 7308 --- [Production-Ready-Features] [restartedMain] .s.d.r.c.RepositoryConfigurationDelegate : Finished Spring Data repository scanning in 37 ms. Found 1 JPA repository interface.
2024-08-02T11:42:58.098+05:30  INFO 7308 --- [Production-Ready-Features] [restartedMain] o.s.b.w.embedded.tomcat.TomcatWebServer  : Tomcat initialized with port 9000 (http)
2024-08-02T11:42:58.112+05:30  INFO 7308 --- [Production-Ready-Features] [restartedMain] o.apache.catalina.core.StandardService   : Starting service [Tomcat]
2024-08-02T11:42:58.112+05:30  INFO 7308 --- [Production-Ready-Features] [restartedMain] o.apache.catalina.core.StandardEngine    : Starting Servlet engine: [Apache Tomcat/10.1.26]
2024-08-02T11:42:58.157+05:30  INFO 7308 --- [Production-Ready-Features] [restartedMain] o.a.c.c.C.[Tomcat].[localhost].[/]       : Initializing Spring embedded WebApplicationContext
2024-08-02T11:42:58.158+05:30  INFO 7308 --- [Production-Ready-Features] [restartedMain] w.s.c.ServletWebServerApplicationContext : Root WebApplicationContext: initialization completed in 1609 ms
2024-08-02T11:42:58.484+05:30  INFO 7308 --- [Production-Ready-Features] [restartedMain] o.hibernate.jpa.internal.util.LogHelper  : HHH000204: Processing PersistenceUnitInfo [name: default]
2024-08-02T11:42:58.539+05:30  INFO 7308 --- [Production-Ready-Features] [restartedMain] org.hibernate.Version                    : HHH000412: Hibernate ORM core version 6.5.2.Final
2024-08-02T11:42:58.569+05:30  INFO 7308 --- [Production-Ready-Features] [restartedMain] o.h.c.internal.RegionFactoryInitiator    : HHH000026: Second-level cache disabled
2024-08-02T11:42:58.630+05:30  INFO 7308 --- [Production-Ready-Features] [restartedMain] o.h.e.boot.internal.EnversServiceImpl    : Envers integration enabled? : true
2024-08-02T11:42:58.766+05:30  INFO 7308 --- [Production-Ready-Features] [restartedMain] o.s.o.j.p.SpringPersistenceUnitInfo      : No LoadTimeWeaver setup: ignoring JPA class transformer
2024-08-02T11:42:58.784+05:30  INFO 7308 --- [Production-Ready-Features] [restartedMain] com.zaxxer.hikari.HikariDataSource       : HikariPool-1 - Starting...
2024-08-02T11:42:58.887+05:30  INFO 7308 --- [Production-Ready-Features] [restartedMain] com.zaxxer.hikari.pool.HikariPool        : HikariPool-1 - Added connection com.mysql.cj.jdbc.ConnectionImpl@1e71cce3
2024-08-02T11:42:58.888+05:30  INFO 7308 --- [Production-Ready-Features] [restartedMain] com.zaxxer.hikari.HikariDataSource       : HikariPool-1 - Start completed.
2024-08-02T11:42:59.074+05:30  INFO 7308 --- [Production-Ready-Features] [restartedMain] o.h.e.c.i.m.AuditMetadataGenerator       : Adding properties for entity: com.bhawna.SpringBoot.Prod_Ready_Features.Production.Ready.Features.entities.PostEntity
2024-08-02T11:42:59.596+05:30 ERROR 7308 --- [Production-Ready-Features] [restartedMain] o.h.metamodel.internal.MetadataContext   : HHH015007: Illegal argument on static metamodel field injection : org.hibernate.envers.DefaultRevisionEntity_#class_; expected type :  org.hibernate.metamodel.model.domain.internal.EntityTypeImpl; encountered type : jakarta.persistence.metamodel.MappedSuperclassType
2024-08-02T11:42:59.600+05:30  INFO 7308 --- [Production-Ready-Features] [restartedMain] o.h.e.t.j.p.i.JtaPlatformInitiator       : HHH000489: No JTA platform available (set 'hibernate.transaction.jta.platform' to enable JTA platform integration)
2024-08-02T11:42:59.723+05:30  INFO 7308 --- [Production-Ready-Features] [restartedMain] j.LocalContainerEntityManagerFactoryBean : Initialized JPA EntityManagerFactory for persistence unit 'default'
2024-08-02T11:43:00.175+05:30  WARN 7308 --- [Production-Ready-Features] [restartedMain] JpaBaseConfiguration$JpaWebConfiguration : spring.jpa.open-in-view is enabled by default. Therefore, database queries may be performed during view rendering. Explicitly configure spring.jpa.open-in-view to disable this warning
2024-08-02T11:43:00.721+05:30  INFO 7308 --- [Production-Ready-Features] [restartedMain] o.s.b.d.a.OptionalLiveReloadServer       : LiveReload server is running on port 35729
2024-08-02T11:43:00.731+05:30  INFO 7308 --- [Production-Ready-Features] [restartedMain] o.s.b.a.e.web.EndpointLinksResolver      : Exposing 15 endpoints beneath base path '/actuator'
2024-08-02T11:43:00.804+05:30  INFO 7308 --- [Production-Ready-Features] [restartedMain] o.s.b.w.embedded.tomcat.TomcatWebServer  : Tomcat started on port 9000 (http) with context path '/'
2024-08-02T11:43:00.815+05:30  INFO 7308 --- [Production-Ready-Features] [restartedMain] P.R.F.ProductionReadyFeaturesApplication : Started ProductionReadyFeaturesApplication in 4.777 seconds (process running for 5.256)
2024-08-02T11:43:08.697+05:30  INFO 7308 --- [Production-Ready-Features] [http-nio-9000-exec-1] o.a.c.c.C.[Tomcat].[localhost].[/]       : Initializing Spring DispatcherServlet 'dispatcherServlet'
2024-08-02T11:43:08.698+05:30  INFO 7308 --- [Production-Ready-Features] [http-nio-9000-exec-1] o.s.web.servlet.DispatcherServlet        : Initializing Servlet 'dispatcherServlet'
2024-08-02T11:43:08.699+05:30  INFO 7308 --- [Production-Ready-Features] [http-nio-9000-exec-1] o.s.web.servlet.DispatcherServlet        : Completed initialization in 1 ms
2024-08-02T11:47:24.823+05:30  INFO 7308 --- [Production-Ready-Features] [SpringApplicationShutdownHook] j.LocalContainerEntityManagerFactoryBean : Closing JPA EntityManagerFactory for persistence unit 'default'
2024-08-02T11:47:24.826+05:30  INFO 7308 --- [Production-Ready-Features] [SpringApplicationShutdownHook] com.zaxxer.hikari.HikariDataSource       : HikariPool-1 - Shutdown initiated...
2024-08-02T11:47:24.833+05:30  INFO 7308 --- [Production-Ready-Features] [SpringApplicationShutdownHook] com.zaxxer.hikari.HikariDataSource       : HikariPool-1 - Shutdown completed.
2024-08-02T11:47:26.771+05:30  INFO 18304 --- [Production-Ready-Features] [restartedMain] P.R.F.ProductionReadyFeaturesApplication : Starting ProductionReadyFeaturesApplication using Java 22.0.1 with PID 18304 (D:\Spring Boot\Production-Ready-Features\target\classes started by bhawn in D:\Spring Boot\Production-Ready-Features)
2024-08-02T11:47:26.777+05:30  INFO 18304 --- [Production-Ready-Features] [restartedMain] P.R.F.ProductionReadyFeaturesApplication : No active profile set, falling back to 1 default profile: "default"
2024-08-02T11:47:26.812+05:30  INFO 18304 --- [Production-Ready-Features] [restartedMain] .e.DevToolsPropertyDefaultsPostProcessor : Devtools property defaults active! Set 'spring.devtools.add-properties' to 'false' to disable
2024-08-02T11:47:26.813+05:30  INFO 18304 --- [Production-Ready-Features] [restartedMain] .e.DevToolsPropertyDefaultsPostProcessor : For additional web related logging consider setting the 'logging.level.web' property to 'DEBUG'
2024-08-02T11:47:27.645+05:30  INFO 18304 --- [Production-Ready-Features] [restartedMain] .s.d.r.c.RepositoryConfigurationDelegate : Bootstrapping Spring Data JPA repositories in DEFAULT mode.
2024-08-02T11:47:27.687+05:30  INFO 18304 --- [Production-Ready-Features] [restartedMain] .s.d.r.c.RepositoryConfigurationDelegate : Finished Spring Data repository scanning in 36 ms. Found 1 JPA repository interface.
2024-08-02T11:47:28.422+05:30  INFO 18304 --- [Production-Ready-Features] [restartedMain] o.s.b.w.embedded.tomcat.TomcatWebServer  : Tomcat initialized with port 9000 (http)
2024-08-02T11:47:28.434+05:30  INFO 18304 --- [Production-Ready-Features] [restartedMain] o.apache.catalina.core.StandardService   : Starting service [Tomcat]
2024-08-02T11:47:28.436+05:30  INFO 18304 --- [Production-Ready-Features] [restartedMain] o.apache.catalina.core.StandardEngine    : Starting Servlet engine: [Apache Tomcat/10.1.26]
2024-08-02T11:47:28.483+05:30  INFO 18304 --- [Production-Ready-Features] [restartedMain] o.a.c.c.C.[Tomcat].[localhost].[/]       : Initializing Spring embedded WebApplicationContext
2024-08-02T11:47:28.483+05:30  INFO 18304 --- [Production-Ready-Features] [restartedMain] w.s.c.ServletWebServerApplicationContext : Root WebApplicationContext: initialization completed in 1670 ms
2024-08-02T11:47:28.803+05:30  INFO 18304 --- [Production-Ready-Features] [restartedMain] o.hibernate.jpa.internal.util.LogHelper  : HHH000204: Processing PersistenceUnitInfo [name: default]
2024-08-02T11:47:28.857+05:30  INFO 18304 --- [Production-Ready-Features] [restartedMain] org.hibernate.Version                    : HHH000412: Hibernate ORM core version 6.5.2.Final
2024-08-02T11:47:28.890+05:30  INFO 18304 --- [Production-Ready-Features] [restartedMain] o.h.c.internal.RegionFactoryInitiator    : HHH000026: Second-level cache disabled
2024-08-02T11:47:28.972+05:30  INFO 18304 --- [Production-Ready-Features] [restartedMain] o.h.e.boot.internal.EnversServiceImpl    : Envers integration enabled? : true
2024-08-02T11:47:29.118+05:30  INFO 18304 --- [Production-Ready-Features] [restartedMain] o.s.o.j.p.SpringPersistenceUnitInfo      : No LoadTimeWeaver setup: ignoring JPA class transformer
2024-08-02T11:47:29.134+05:30  INFO 18304 --- [Production-Ready-Features] [restartedMain] com.zaxxer.hikari.HikariDataSource       : HikariPool-1 - Starting...
2024-08-02T11:47:29.242+05:30  INFO 18304 --- [Production-Ready-Features] [restartedMain] com.zaxxer.hikari.pool.HikariPool        : HikariPool-1 - Added connection com.mysql.cj.jdbc.ConnectionImpl@50a9d9a2
2024-08-02T11:47:29.244+05:30  INFO 18304 --- [Production-Ready-Features] [restartedMain] com.zaxxer.hikari.HikariDataSource       : HikariPool-1 - Start completed.
2024-08-02T11:47:29.443+05:30  INFO 18304 --- [Production-Ready-Features] [restartedMain] o.h.e.c.i.m.AuditMetadataGenerator       : Adding properties for entity: com.bhawna.SpringBoot.Prod_Ready_Features.Production.Ready.Features.entities.PostEntity
2024-08-02T11:47:29.995+05:30 ERROR 18304 --- [Production-Ready-Features] [restartedMain] o.h.metamodel.internal.MetadataContext   : HHH015007: Illegal argument on static metamodel field injection : org.hibernate.envers.DefaultRevisionEntity_#class_; expected type :  org.hibernate.metamodel.model.domain.internal.EntityTypeImpl; encountered type : jakarta.persistence.metamodel.MappedSuperclassType
2024-08-02T11:47:30.000+05:30  INFO 18304 --- [Production-Ready-Features] [restartedMain] o.h.e.t.j.p.i.JtaPlatformInitiator       : HHH000489: No JTA platform available (set 'hibernate.transaction.jta.platform' to enable JTA platform integration)
2024-08-02T11:47:30.141+05:30  INFO 18304 --- [Production-Ready-Features] [restartedMain] j.LocalContainerEntityManagerFactoryBean : Initialized JPA EntityManagerFactory for persistence unit 'default'
2024-08-02T11:47:30.630+05:30  WARN 18304 --- [Production-Ready-Features] [restartedMain] JpaBaseConfiguration$JpaWebConfiguration : spring.jpa.open-in-view is enabled by default. Therefore, database queries may be performed during view rendering. Explicitly configure spring.jpa.open-in-view to disable this warning
2024-08-02T11:47:31.338+05:30  INFO 18304 --- [Production-Ready-Features] [restartedMain] o.s.b.d.a.OptionalLiveReloadServer       : LiveReload server is running on port 35729
2024-08-02T11:47:31.350+05:30  INFO 18304 --- [Production-Ready-Features] [restartedMain] o.s.b.a.e.web.EndpointLinksResolver      : Exposing 15 endpoints beneath base path '/actuator'
2024-08-02T11:47:31.423+05:30  INFO 18304 --- [Production-Ready-Features] [restartedMain] o.s.b.w.embedded.tomcat.TomcatWebServer  : Tomcat started on port 9000 (http) with context path '/'
2024-08-02T11:47:31.435+05:30  INFO 18304 --- [Production-Ready-Features] [restartedMain] P.R.F.ProductionReadyFeaturesApplication : Started ProductionReadyFeaturesApplication in 5.111 seconds (process running for 5.606)
2024-08-02T11:51:41.645+05:30  INFO 18304 --- [Production-Ready-Features] [SpringApplicationShutdownHook] j.LocalContainerEntityManagerFactoryBean : Closing JPA EntityManagerFactory for persistence unit 'default'
2024-08-02T11:51:41.650+05:30  INFO 18304 --- [Production-Ready-Features] [SpringApplicationShutdownHook] com.zaxxer.hikari.HikariDataSource       : HikariPool-1 - Shutdown initiated...
2024-08-02T11:51:41.658+05:30  INFO 18304 --- [Production-Ready-Features] [SpringApplicationShutdownHook] com.zaxxer.hikari.HikariDataSource       : HikariPool-1 - Shutdown completed.
2024-08-02T11:51:43.639+05:30  INFO 7272 --- [Production-Ready-Features] [restartedMain] P.R.F.ProductionReadyFeaturesApplication : Starting ProductionReadyFeaturesApplication using Java 22.0.1 with PID 7272 (D:\Spring Boot\Production-Ready-Features\target\classes started by bhawn in D:\Spring Boot\Production-Ready-Features)
2024-08-02T11:51:43.641+05:30  INFO 7272 --- [Production-Ready-Features] [restartedMain] P.R.F.ProductionReadyFeaturesApplication : No active profile set, falling back to 1 default profile: "default"
2024-08-02T11:51:43.677+05:30  INFO 7272 --- [Production-Ready-Features] [restartedMain] .e.DevToolsPropertyDefaultsPostProcessor : Devtools property defaults active! Set 'spring.devtools.add-properties' to 'false' to disable
2024-08-02T11:51:43.677+05:30  INFO 7272 --- [Production-Ready-Features] [restartedMain] .e.DevToolsPropertyDefaultsPostProcessor : For additional web related logging consider setting the 'logging.level.web' property to 'DEBUG'
2024-08-02T11:51:44.486+05:30  INFO 7272 --- [Production-Ready-Features] [restartedMain] .s.d.r.c.RepositoryConfigurationDelegate : Bootstrapping Spring Data JPA repositories in DEFAULT mode.
2024-08-02T11:51:44.528+05:30  INFO 7272 --- [Production-Ready-Features] [restartedMain] .s.d.r.c.RepositoryConfigurationDelegate : Finished Spring Data repository scanning in 37 ms. Found 1 JPA repository interface.
2024-08-02T11:51:45.247+05:30  INFO 7272 --- [Production-Ready-Features] [restartedMain] o.s.b.w.embedded.tomcat.TomcatWebServer  : Tomcat initialized with port 9000 (http)
2024-08-02T11:51:45.261+05:30  INFO 7272 --- [Production-Ready-Features] [restartedMain] o.apache.catalina.core.StandardService   : Starting service [Tomcat]
2024-08-02T11:51:45.261+05:30  INFO 7272 --- [Production-Ready-Features] [restartedMain] o.apache.catalina.core.StandardEngine    : Starting Servlet engine: [Apache Tomcat/10.1.26]
2024-08-02T11:51:45.304+05:30  INFO 7272 --- [Production-Ready-Features] [restartedMain] o.a.c.c.C.[Tomcat].[localhost].[/]       : Initializing Spring embedded WebApplicationContext
2024-08-02T11:51:45.305+05:30  INFO 7272 --- [Production-Ready-Features] [restartedMain] w.s.c.ServletWebServerApplicationContext : Root WebApplicationContext: initialization completed in 1627 ms
2024-08-02T11:51:45.599+05:30  INFO 7272 --- [Production-Ready-Features] [restartedMain] o.hibernate.jpa.internal.util.LogHelper  : HHH000204: Processing PersistenceUnitInfo [name: default]
2024-08-02T11:51:45.647+05:30  INFO 7272 --- [Production-Ready-Features] [restartedMain] org.hibernate.Version                    : HHH000412: Hibernate ORM core version 6.5.2.Final
2024-08-02T11:51:45.679+05:30  INFO 7272 --- [Production-Ready-Features] [restartedMain] o.h.c.internal.RegionFactoryInitiator    : HHH000026: Second-level cache disabled
2024-08-02T11:51:45.751+05:30  INFO 7272 --- [Production-Ready-Features] [restartedMain] o.h.e.boot.internal.EnversServiceImpl    : Envers integration enabled? : true
2024-08-02T11:51:45.899+05:30  INFO 7272 --- [Production-Ready-Features] [restartedMain] o.s.o.j.p.SpringPersistenceUnitInfo      : No LoadTimeWeaver setup: ignoring JPA class transformer
2024-08-02T11:51:45.916+05:30  INFO 7272 --- [Production-Ready-Features] [restartedMain] com.zaxxer.hikari.HikariDataSource       : HikariPool-1 - Starting...
2024-08-02T11:51:46.026+05:30  INFO 7272 --- [Production-Ready-Features] [restartedMain] com.zaxxer.hikari.pool.HikariPool        : HikariPool-1 - Added connection com.mysql.cj.jdbc.ConnectionImpl@3a7ec18e
2024-08-02T11:51:46.027+05:30  INFO 7272 --- [Production-Ready-Features] [restartedMain] com.zaxxer.hikari.HikariDataSource       : HikariPool-1 - Start completed.
2024-08-02T11:51:46.224+05:30  INFO 7272 --- [Production-Ready-Features] [restartedMain] o.h.e.c.i.m.AuditMetadataGenerator       : Adding properties for entity: com.bhawna.SpringBoot.Prod_Ready_Features.Production.Ready.Features.entities.PostEntity
2024-08-02T11:51:46.747+05:30 ERROR 7272 --- [Production-Ready-Features] [restartedMain] o.h.metamodel.internal.MetadataContext   : HHH015007: Illegal argument on static metamodel field injection : org.hibernate.envers.DefaultRevisionEntity_#class_; expected type :  org.hibernate.metamodel.model.domain.internal.EntityTypeImpl; encountered type : jakarta.persistence.metamodel.MappedSuperclassType
2024-08-02T11:51:46.752+05:30  INFO 7272 --- [Production-Ready-Features] [restartedMain] o.h.e.t.j.p.i.JtaPlatformInitiator       : HHH000489: No JTA platform available (set 'hibernate.transaction.jta.platform' to enable JTA platform integration)
2024-08-02T11:51:46.926+05:30  INFO 7272 --- [Production-Ready-Features] [restartedMain] j.LocalContainerEntityManagerFactoryBean : Initialized JPA EntityManagerFactory for persistence unit 'default'
2024-08-02T11:51:47.387+05:30  WARN 7272 --- [Production-Ready-Features] [restartedMain] JpaBaseConfiguration$JpaWebConfiguration : spring.jpa.open-in-view is enabled by default. Therefore, database queries may be performed during view rendering. Explicitly configure spring.jpa.open-in-view to disable this warning
2024-08-02T11:51:48.029+05:30  INFO 7272 --- [Production-Ready-Features] [restartedMain] o.s.b.d.a.OptionalLiveReloadServer       : LiveReload server is running on port 35729
2024-08-02T11:51:48.041+05:30  INFO 7272 --- [Production-Ready-Features] [restartedMain] o.s.b.a.e.web.EndpointLinksResolver      : Exposing 15 endpoints beneath base path '/actuator'
2024-08-02T11:51:48.121+05:30  INFO 7272 --- [Production-Ready-Features] [restartedMain] o.s.b.w.embedded.tomcat.TomcatWebServer  : Tomcat started on port 9000 (http) with context path '/'
2024-08-02T11:51:48.132+05:30  INFO 7272 --- [Production-Ready-Features] [restartedMain] P.R.F.ProductionReadyFeaturesApplication : Started ProductionReadyFeaturesApplication in 4.944 seconds (process running for 5.444)
2024-08-02T11:52:58.862+05:30  INFO 7272 --- [Production-Ready-Features] [http-nio-9000-exec-1] o.a.c.c.C.[Tomcat].[localhost].[/]       : Initializing Spring DispatcherServlet 'dispatcherServlet'
2024-08-02T11:52:58.863+05:30  INFO 7272 --- [Production-Ready-Features] [http-nio-9000-exec-1] o.s.web.servlet.DispatcherServlet        : Initializing Servlet 'dispatcherServlet'
2024-08-02T11:52:58.864+05:30  INFO 7272 --- [Production-Ready-Features] [http-nio-9000-exec-1] o.s.web.servlet.DispatcherServlet        : Completed initialization in 1 ms
2024-08-02T12:02:50.532+05:30  INFO 7272 --- [Production-Ready-Features] [SpringApplicationShutdownHook] j.LocalContainerEntityManagerFactoryBean : Closing JPA EntityManagerFactory for persistence unit 'default'
2024-08-02T12:02:50.535+05:30  INFO 7272 --- [Production-Ready-Features] [SpringApplicationShutdownHook] com.zaxxer.hikari.HikariDataSource       : HikariPool-1 - Shutdown initiated...
2024-08-02T12:02:50.542+05:30  INFO 7272 --- [Production-Ready-Features] [SpringApplicationShutdownHook] com.zaxxer.hikari.HikariDataSource       : HikariPool-1 - Shutdown completed.
2024-08-02T12:02:52.443+05:30  INFO 12040 --- [Production-Ready-Features] [restartedMain] P.R.F.ProductionReadyFeaturesApplication : Starting ProductionReadyFeaturesApplication using Java 22.0.1 with PID 12040 (D:\Spring Boot\Production-Ready-Features\target\classes started by bhawn in D:\Spring Boot\Production-Ready-Features)
2024-08-02T12:02:52.445+05:30  INFO 12040 --- [Production-Ready-Features] [restartedMain] P.R.F.ProductionReadyFeaturesApplication : No active profile set, falling back to 1 default profile: "default"
2024-08-02T12:02:52.487+05:30  INFO 12040 --- [Production-Ready-Features] [restartedMain] .e.DevToolsPropertyDefaultsPostProcessor : Devtools property defaults active! Set 'spring.devtools.add-properties' to 'false' to disable
2024-08-02T12:02:52.487+05:30  INFO 12040 --- [Production-Ready-Features] [restartedMain] .e.DevToolsPropertyDefaultsPostProcessor : For additional web related logging consider setting the 'logging.level.web' property to 'DEBUG'
2024-08-02T12:02:53.296+05:30  INFO 12040 --- [Production-Ready-Features] [restartedMain] .s.d.r.c.RepositoryConfigurationDelegate : Bootstrapping Spring Data JPA repositories in DEFAULT mode.
2024-08-02T12:02:53.340+05:30  INFO 12040 --- [Production-Ready-Features] [restartedMain] .s.d.r.c.RepositoryConfigurationDelegate : Finished Spring Data repository scanning in 39 ms. Found 1 JPA repository interface.
2024-08-02T12:02:54.058+05:30  INFO 12040 --- [Production-Ready-Features] [restartedMain] o.s.b.w.embedded.tomcat.TomcatWebServer  : Tomcat initialized with port 9000 (http)
2024-08-02T12:02:54.071+05:30  INFO 12040 --- [Production-Ready-Features] [restartedMain] o.apache.catalina.core.StandardService   : Starting service [Tomcat]
2024-08-02T12:02:54.071+05:30  INFO 12040 --- [Production-Ready-Features] [restartedMain] o.apache.catalina.core.StandardEngine    : Starting Servlet engine: [Apache Tomcat/10.1.26]
2024-08-02T12:02:54.116+05:30  INFO 12040 --- [Production-Ready-Features] [restartedMain] o.a.c.c.C.[Tomcat].[localhost].[/]       : Initializing Spring embedded WebApplicationContext
2024-08-02T12:02:54.117+05:30  INFO 12040 --- [Production-Ready-Features] [restartedMain] w.s.c.ServletWebServerApplicationContext : Root WebApplicationContext: initialization completed in 1629 ms
2024-08-02T12:02:54.435+05:30  INFO 12040 --- [Production-Ready-Features] [restartedMain] o.hibernate.jpa.internal.util.LogHelper  : HHH000204: Processing PersistenceUnitInfo [name: default]
2024-08-02T12:02:54.496+05:30  INFO 12040 --- [Production-Ready-Features] [restartedMain] org.hibernate.Version                    : HHH000412: Hibernate ORM core version 6.5.2.Final
2024-08-02T12:02:54.530+05:30  INFO 12040 --- [Production-Ready-Features] [restartedMain] o.h.c.internal.RegionFactoryInitiator    : HHH000026: Second-level cache disabled
2024-08-02T12:02:54.598+05:30  INFO 12040 --- [Production-Ready-Features] [restartedMain] o.h.e.boot.internal.EnversServiceImpl    : Envers integration enabled? : true
2024-08-02T12:02:54.739+05:30  INFO 12040 --- [Production-Ready-Features] [restartedMain] o.s.o.j.p.SpringPersistenceUnitInfo      : No LoadTimeWeaver setup: ignoring JPA class transformer
2024-08-02T12:02:54.757+05:30  INFO 12040 --- [Production-Ready-Features] [restartedMain] com.zaxxer.hikari.HikariDataSource       : HikariPool-1 - Starting...
2024-08-02T12:02:54.861+05:30  INFO 12040 --- [Production-Ready-Features] [restartedMain] com.zaxxer.hikari.pool.HikariPool        : HikariPool-1 - Added connection com.mysql.cj.jdbc.ConnectionImpl@76051d90
2024-08-02T12:02:54.863+05:30  INFO 12040 --- [Production-Ready-Features] [restartedMain] com.zaxxer.hikari.HikariDataSource       : HikariPool-1 - Start completed.
2024-08-02T12:02:55.049+05:30  INFO 12040 --- [Production-Ready-Features] [restartedMain] o.h.e.c.i.m.AuditMetadataGenerator       : Adding properties for entity: com.bhawna.SpringBoot.Prod_Ready_Features.Production.Ready.Features.entities.PostEntity
2024-08-02T12:02:55.582+05:30 ERROR 12040 --- [Production-Ready-Features] [restartedMain] o.h.metamodel.internal.MetadataContext   : HHH015007: Illegal argument on static metamodel field injection : org.hibernate.envers.DefaultRevisionEntity_#class_; expected type :  org.hibernate.metamodel.model.domain.internal.EntityTypeImpl; encountered type : jakarta.persistence.metamodel.MappedSuperclassType
2024-08-02T12:02:55.587+05:30  INFO 12040 --- [Production-Ready-Features] [restartedMain] o.h.e.t.j.p.i.JtaPlatformInitiator       : HHH000489: No JTA platform available (set 'hibernate.transaction.jta.platform' to enable JTA platform integration)
2024-08-02T12:02:55.719+05:30  INFO 12040 --- [Production-Ready-Features] [restartedMain] j.LocalContainerEntityManagerFactoryBean : Initialized JPA EntityManagerFactory for persistence unit 'default'
2024-08-02T12:02:56.156+05:30  WARN 12040 --- [Production-Ready-Features] [restartedMain] JpaBaseConfiguration$JpaWebConfiguration : spring.jpa.open-in-view is enabled by default. Therefore, database queries may be performed during view rendering. Explicitly configure spring.jpa.open-in-view to disable this warning
2024-08-02T12:02:56.767+05:30  INFO 12040 --- [Production-Ready-Features] [restartedMain] o.s.b.d.a.OptionalLiveReloadServer       : LiveReload server is running on port 35729
2024-08-02T12:02:56.778+05:30  INFO 12040 --- [Production-Ready-Features] [restartedMain] o.s.b.a.e.web.EndpointLinksResolver      : Exposing 15 endpoints beneath base path '/actuator'
2024-08-02T12:02:56.851+05:30  INFO 12040 --- [Production-Ready-Features] [restartedMain] o.s.b.w.embedded.tomcat.TomcatWebServer  : Tomcat started on port 9000 (http) with context path '/'
2024-08-02T12:02:56.862+05:30  INFO 12040 --- [Production-Ready-Features] [restartedMain] P.R.F.ProductionReadyFeaturesApplication : Started ProductionReadyFeaturesApplication in 4.894 seconds (process running for 5.374)
